Arguments: 
  C:\Program Files\nodejs\node.exe C:\Users\kevin\AppData\Roaming\npm\node_modules\yarn\bin\yarn.js add reflect-metadata

PATH: 
  C:\Program Files (x86)\Common Files\Oracle\Java\javapath;C:\Program Files (x86)\Intel\iCLS Client\;C:\Program Files\Intel\iCLS Client\;C:\Windows\system32;C:\Windows;C:\Windows\System32\Wbem;C:\Windows\System32\WindowsPowerShell\v1.0\;C:\Program Files (x86)\Intel\Intel(R) Management Engine Components\DAL;C:\Program Files\Intel\Intel(R) Management Engine Components\DAL;C:\Program Files (x86)\Intel\Intel(R) Management Engine Components\IPT;C:\Program Files\Intel\Intel(R) Management Engine Components\IPT;C:\Program Files (x86)\NVIDIA Corporation\PhysX\Common;C:\Program Files\Intel\WiFi\bin\;C:\Program Files\Common Files\Intel\WirelessCommon\;C:\WINDOWS\system32;C:\WINDOWS;C:\WINDOWS\System32\Wbem;C:\WINDOWS\System32\WindowsPowerShell\v1.0\;C:\WINDOWS\System32\OpenSSH\;C:\Program Files\Microsoft VS Code\bin;C:\Program Files\PuTTY\;D:\software\xampp\php;C:\ProgramData\ComposerSetup\bin;C:\Program Files\Geth;C:\Program Files\MongoDB\Server\4.0\bin;C:\Program Files\Git\cmd;C:\Program Files\nodejs\;C:\Users\kevin\AppData\Local\Yarn\bin;C:\Users\kevin\AppData\Local\Android\Sdk\platform-tools;C:\Program Files (x86)\Google\Chrome\Application;C:\Program Files\Java\jre1.8.0_201\bin;C:\Users\kevin\AppData\Local\Programs\Python\Python37\Scripts\;C:\Users\kevin\AppData\Local\Programs\Python\Python37\;C:\Ruby25-x64\bin;C:\Users\kevin\AppData\Local\Microsoft\WindowsApps;C:\Users\kevin\AppData\Roaming\Composer\vendor\bin;C:\Users\kevin\AppData\Roaming\npm

Yarn version: 
  1.13.0

Node version: 
  10.14.1

Platform: 
  win32 x64

Trace: 
  Error: getaddrinfo ENOTFOUND registry.npm.taobao.org registry.npm.taobao.org:443
      at GetAddrInfoReqWrap.onlookup [as oncomplete] (dns.js:57:26)

npm manifest: 
  {
      "scripts": {
          "dev": "nodemon --watch src -e ts --exec ts-node src/index.ts",
          "build": "rd /s /q dist & tsc"
      },
      "devDependencies": {
          "@types/node": "^11.13.8"
      }
  }

yarn manifest: 
  No manifest

Lockfile: 
  # THIS IS AN AUTOGENERATED FILE. DO NOT EDIT THIS FILE DIRECTLY.
  # yarn lockfile v1
  
  
  "@types/node@^11.13.8":
    version "11.13.8"
    resolved "https://registry.npm.taobao.org/@types/node/download/@types/node-11.13.8.tgz#e5d71173c95533be9842b2c798978f095f912aab"
    integrity sha1-5dcRc8lVM76YQrLHmJePCV+RKqs=
